<?xml version="1.0" encoding="UTF-8"?>
<robot generator="Robot 4.0 (Python 3.9.2 on win32)" generated="20210413 20:25:58.147" rpa="false" schemaversion="2">
<suite id="s1" name="testcaseSearchFile" source="C:\Users\patchara_k\Desktop\Traning\search file\testcases\testcaseSearchFile.robot">
<kw name="Open Browser" library="SeleniumLibrary" type="SETUP">
<arg>https://www.google.co.th/imghp?hl=th&amp;ogbl</arg>
<arg>Chrome</arg>
<doc>Opens a new browser instance to the optional ``url``.</doc>
<msg timestamp="20210413 20:25:58.420" level="INFO">Opening browser 'Chrome' to base url 'https://www.google.co.th/imghp?hl=th&amp;ogbl'.</msg>
<status status="PASS" starttime="20210413 20:25:58.419" endtime="20210413 20:26:01.806"/>
</kw>
<test id="s1-t1" name="Click button upload file success">
<kw name="Search By File Image" library="keywordsSearchFile">
<kw name="Click Element" library="SeleniumLibrary">
<arg>${btn_searchBy}</arg>
<doc>Click the element identified by ``locator``.</doc>
<msg timestamp="20210413 20:26:01.810" level="INFO">Clicking element 'xpath=//div[@aria-label="ค้นด้วยภาพ"]'.</msg>
<status status="PASS" starttime="20210413 20:26:01.810" endtime="20210413 20:26:01.953"/>
</kw>
<kw name="Click Element" library="SeleniumLibrary">
<arg>${uploadFile}</arg>
<doc>Click the element identified by ``locator``.</doc>
<msg timestamp="20210413 20:26:01.955" level="INFO">Clicking element 'xpath=//a[contains(.,"อัปโหลดภาพ")]'.</msg>
<status status="PASS" starttime="20210413 20:26:01.953" endtime="20210413 20:26:02.170"/>
</kw>
<kw name="Choose File" library="SeleniumLibrary">
<arg>${ChooseFile}</arg>
<arg>${Image}</arg>
<doc>Inputs the ``file_path`` into the file input field ``locator``.</doc>
<msg timestamp="20210413 20:26:02.172" level="INFO">Sending C:\Users\patchara_k\Desktop\Traning\search file\resources\image.jpg to browser.</msg>
<status status="PASS" starttime="20210413 20:26:02.170" endtime="20210413 20:26:04.932"/>
</kw>
<kw name="Element Should Contain" library="SeleniumLibrary">
<arg>xpath=//div[@id="result-stats"]</arg>
<arg>${resultStatus}</arg>
<doc>Verifies that element ``locator`` contains text ``expected``.</doc>
<msg timestamp="20210413 20:26:04.971" level="INFO">Element 'xpath=//div[@id="result-stats"]' contains text 'ผลการค้นหาประมาณ'.</msg>
<status status="PASS" starttime="20210413 20:26:04.932" endtime="20210413 20:26:04.971"/>
</kw>
<status status="PASS" starttime="20210413 20:26:01.808" endtime="20210413 20:26:04.972"/>
</kw>
<status status="PASS" starttime="20210413 20:26:01.806" endtime="20210413 20:26:04.972"/>
</test>
<test id="s1-t2" name="Click button upload file failed">
<kw name="Search By File PDF failed Success" library="keywordsSearchFile">
<kw name="Click Element" library="SeleniumLibrary">
<arg>${btn_searchBy}</arg>
<doc>Click the element identified by ``locator``.</doc>
<msg timestamp="20210413 20:26:04.977" level="INFO">Clicking element 'xpath=//div[@aria-label="ค้นด้วยภาพ"]'.</msg>
<status status="PASS" starttime="20210413 20:26:04.976" endtime="20210413 20:26:05.046"/>
</kw>
<kw name="Click Element" library="SeleniumLibrary">
<arg>${uploadFile}</arg>
<doc>Click the element identified by ``locator``.</doc>
<msg timestamp="20210413 20:26:05.047" level="INFO">Clicking element 'xpath=//a[contains(.,"อัปโหลดภาพ")]'.</msg>
<status status="PASS" starttime="20210413 20:26:05.046" endtime="20210413 20:26:05.150"/>
</kw>
<kw name="Choose File" library="SeleniumLibrary">
<arg>${ChooseFile}</arg>
<arg>${pdf}</arg>
<doc>Inputs the ``file_path`` into the file input field ``locator``.</doc>
<msg timestamp="20210413 20:26:05.151" level="INFO">Sending C:\Users\patchara_k\Desktop\Traning\search file\resources\fileUpload.pdf to browser.</msg>
<status status="PASS" starttime="20210413 20:26:05.150" endtime="20210413 20:26:06.043"/>
</kw>
<kw name="Element Should Contain" library="SeleniumLibrary">
<arg>xpath=//div[@class="card-section"]</arg>
<arg>${card-section}</arg>
<doc>Verifies that element ``locator`` contains text ``expected``.</doc>
<msg timestamp="20210413 20:26:06.083" level="INFO">Element 'xpath=//div[@class="card-section"]' contains text 'ภาพต้องอยู่ในรูปแบบใดรูปแบบหนึ่งต่อไปนี้'.</msg>
<status status="PASS" starttime="20210413 20:26:06.043" endtime="20210413 20:26:06.084"/>
</kw>
<status status="PASS" starttime="20210413 20:26:04.976" endtime="20210413 20:26:06.084"/>
</kw>
<status status="PASS" starttime="20210413 20:26:04.974" endtime="20210413 20:26:06.085"/>
</test>
<kw name="Close Browser" library="SeleniumLibrary" type="TEARDOWN">
<doc>Closes the current browser.</doc>
<status status="PASS" starttime="20210413 20:26:06.088" endtime="20210413 20:26:08.987"/>
</kw>
<status status="PASS" starttime="20210413 20:25:58.149" endtime="20210413 20:26:08.988"/>
</suite>
<statistics>
<total>
<stat pass="2" fail="0" skip="0">All Tests</stat>
</total>
<tag>
</tag>
<suite>
<stat pass="2" fail="0" skip="0" id="s1" name="testcaseSearchFile">testcaseSearchFile</stat>
</suite>
</statistics>
<errors>
</errors>
</robot>
